<?xml version="1.0" encoding="UTF-8"?>
<!-- Generated by org.testng.reporters.JUnitReportReporter -->
<testsuite hostname="WBCNODE40" failures="0" tests="2" name="Sequential.LoginTest" time="23.360" errors="0" timestamp="2020-09-11T15:30:42 IST" skipped="0">
  <testcase classname="Sequential.LoginTest" name="loginpageTest" time="8.899"/>
  <testcase classname="Sequential.LoginTest" name="login" time="14.461"/>
</testsuite> <!-- Sequential.LoginTest -->
