<?xml version="1.0" encoding="UTF-8"?>
<!-- Generated by org.testng.reporters.JUnitReportReporter -->
<testsuite hostname="WBCNODE40" failures="0" tests="1" name="Testcases.TestClass" time="22.210" errors="0" timestamp="2020-09-25T16:07:38 IST" skipped="0">
  <testcase classname="Testcases.TestClass" name="loginPageTest" time="22.210"/>
</testsuite> <!-- Testcases.TestClass -->
