<?xml version="1.0" encoding="UTF-8"?>
<!-- Generated by org.testng.reporters.JUnitReportReporter -->
<testsuite hostname="WBCNODE40" failures="0" tests="2" name="testScenarios.testScripts" time="20.913" errors="0" timestamp="2020-09-10T13:30:25 IST" skipped="0">
  <testcase classname="testScenarios.testScripts" name="test1" time="10.047"/>
  <testcase classname="testScenarios.testScripts" name="test2" time="10.866"/>
</testsuite> <!-- testScenarios.testScripts -->
