<?xml version="1.0" encoding="UTF-8"?>
<!-- Generated by org.testng.reporters.JUnitReportReporter -->
<testsuite hostname="WBCNODE40" failures="0" tests="1" name="Learning.WindowHandling" time="29.504" errors="0" timestamp="2020-09-07T15:35:53 IST" skipped="0">
  <testcase classname="Learning.WindowHandling" name="test3" time="29.504"/>
</testsuite> <!-- Learning.WindowHandling -->
